<?xml version="1.0" encoding="UTF-8"?>
<testng-results skipped="0" failed="0" ignored="0" total="1" passed="1">
  <reporter-output>
  </reporter-output>
  <suite name="Suite" duration-ms="12560" started-at="2018-02-04T05:18:25Z" finished-at="2018-02-04T05:18:38Z">
    <groups>
    </groups>
    <test name="Test" duration-ms="12560" started-at="2018-02-04T05:18:25Z" finished-at="2018-02-04T05:18:38Z">
      <class name="P1.New">
        <test-method status="PASS" signature="launch()[pri:0, instance:P1.New@3d24753a]" name="launch" duration-ms="12525" started-at="2018-02-04T10:48:25Z" finished-at="2018-02-04T10:48:38Z">
          <reporter-output>
          </reporter-output>
        </test-method> <!-- launch -->
      </class> <!-- P1.New -->
    </test> <!-- Test -->
  </suite> <!-- Suite -->
</testng-results>
