<?xml version="1.0" encoding="UTF-8"?>
<testng-results skipped="0" failed="0" total="1" passed="1">
  <reporter-output>
  </reporter-output>
  <suite name="Default suite" duration-ms="11949" started-at="2018-02-04T05:17:38Z" finished-at="2018-02-04T05:17:50Z">
    <groups>
    </groups>
    <test name="Default test" duration-ms="11949" started-at="2018-02-04T05:17:38Z" finished-at="2018-02-04T05:17:50Z">
      <class name="P1.New">
        <test-method status="PASS" signature="launch()[pri:0, instance:P1.New@457e2f02]" name="launch" duration-ms="11903" started-at="2018-02-04T10:47:38Z" finished-at="2018-02-04T10:47:50Z">
          <reporter-output>
          </reporter-output>
        </test-method> <!-- launch -->
      </class> <!-- P1.New -->
    </test> <!-- Default test -->
  </suite> <!-- Default suite -->
</testng-results>
